The target system is: Darwin - 11.0 - 
The host system is: Darwin - 17.0.0 - x86_64
Compiling the C compiler identification source file "CMakeCCompilerId.c" succeeded.
Compiler: /Applications/Xcode.app/Contents/Developer/Toolchains/XcodeDefault.xctoolchain/usr/bin/clang 
Build flags: -miphoneos-version-min=8.0;-fembed-bitcode;-fobjc-abi-version=2;-fobjc-arc;-miphoneos-version-min=8.0;-fembed-bitcode;-fobjc-abi-version=2;-fobjc-arc;
Id flags:  

The output was:
0
2017-10-06 09:55:26.343 xcodebuild[2539:109418] [MT] PluginLoading: Required plug-in compatibility UUID DF11C142-1584-4A99-87AC-1925D5F5652A for plug-in at path '~/Library/Application Support/Developer/Shared/Xcode/Plug-ins/VVDocumenter-Xcode.xcplugin' not present in DVTPlugInCompatibilityUUIDs
2017-10-06 09:55:26.343 xcodebuild[2539:109418] [MT] PluginLoading: Required plug-in compatibility UUID DF11C142-1584-4A99-87AC-1925D5F5652A for plug-in at path '~/Library/Application Support/Developer/Shared/Xcode/Plug-ins/Remote.xcplugin' not present in DVTPlugInCompatibilityUUIDs
2017-10-06 09:55:26.344 xcodebuild[2539:109418] [MT] PluginLoading: Required plug-in compatibility UUID DF11C142-1584-4A99-87AC-1925D5F5652A for plug-in at path '~/Library/Application Support/Developer/Shared/Xcode/Plug-ins/OMQuickHelp.xcplugin' not present in DVTPlugInCompatibilityUUIDs
2017-10-06 09:55:26.344 xcodebuild[2539:109418] [MT] PluginLoading: Required plug-in compatibility UUID DF11C142-1584-4A99-87AC-1925D5F5652A for plug-in at path '~/Library/Application Support/Developer/Shared/Xcode/Plug-ins/LigatureXcodePlugin.xcplugin' not present in DVTPlugInCompatibilityUUIDs
2017-10-06 09:55:26.344 xcodebuild[2539:109418] [MT] PluginLoading: Required plug-in compatibility UUID DF11C142-1584-4A99-87AC-1925D5F5652A for plug-in at path '~/Library/Application Support/Developer/Shared/Xcode/Plug-ins/Alcatraz.xcplugin' not present in DVTPlugInCompatibilityUUIDs
=== BUILD TARGET CompilerIdC OF PROJECT CompilerIdC WITH THE DEFAULT CONFIGURATION (Debug) ===

Check dependencies

Write auxiliary files
write-file /Users/TuanNguyen/Working/ShizzleStudio/Ripple/build2/CMakeFiles/3.8.1/CompilerIdC/CompilerIdC.build/Debug-iphoneos/CompilerIdC.build/CompilerIdC-own-target-headers.hmap
write-file /Users/TuanNguyen/Working/ShizzleStudio/Ripple/build2/CMakeFiles/3.8.1/CompilerIdC/CompilerIdC.build/Debug-iphoneos/CompilerIdC.build/CompilerIdC-generated-files.hmap
write-file /Users/TuanNguyen/Working/ShizzleStudio/Ripple/build2/CMakeFiles/3.8.1/CompilerIdC/CompilerIdC.build/Debug-iphoneos/CompilerIdC.build/CompilerIdC-all-non-framework-target-headers.hmap
write-file /Users/TuanNguyen/Working/ShizzleStudio/Ripple/build2/CMakeFiles/3.8.1/CompilerIdC/CompilerIdC.build/Debug-iphoneos/CompilerIdC.build/CompilerIdC.hmap
/bin/mkdir -p /Users/TuanNguyen/Working/ShizzleStudio/Ripple/build2/CMakeFiles/3.8.1/CompilerIdC/CompilerIdC.build/Debug-iphoneos/CompilerIdC.build/Objects-normal/arm64
write-file /Users/TuanNguyen/Working/ShizzleStudio/Ripple/build2/CMakeFiles/3.8.1/CompilerIdC/CompilerIdC.build/Debug-iphoneos/CompilerIdC.build/Objects-normal/arm64/CompilerIdC.LinkFileList
write-file /Users/TuanNguyen/Working/ShizzleStudio/Ripple/build2/CMakeFiles/3.8.1/CompilerIdC/CompilerIdC.build/Debug-iphoneos/CompilerIdC.build/CompilerIdC-project-headers.hmap
write-file /Users/TuanNguyen/Working/ShizzleStudio/Ripple/build2/CMakeFiles/3.8.1/CompilerIdC/CompilerIdC.build/Debug-iphoneos/CompilerIdC.build/Script-2C8FEB8E15DC1A1A00E56A5D.sh
chmod 0755 /Users/TuanNguyen/Working/ShizzleStudio/Ripple/build2/CMakeFiles/3.8.1/CompilerIdC/CompilerIdC.build/Debug-iphoneos/CompilerIdC.build/Script-2C8FEB8E15DC1A1A00E56A5D.sh
write-file /Users/TuanNguyen/Working/ShizzleStudio/Ripple/build2/CMakeFiles/3.8.1/CompilerIdC/CompilerIdC.build/Debug-iphoneos/CompilerIdC.build/CompilerIdC-all-target-headers.hmap

Create product structure
/bin/mkdir -p /Users/TuanNguyen/Working/ShizzleStudio/Ripple/build2/CMakeFiles/3.8.1/CompilerIdC/CompilerIdC.xctest

CompileC CompilerIdC.build/Debug-iphoneos/CompilerIdC.build/Objects-normal/arm64/CMakeCCompilerId.o CMakeCCompilerId.c normal arm64 c com.apple.compilers.llvm.clang.1_0.compiler
    cd /Users/TuanNguyen/Working/ShizzleStudio/Ripple/build2/CMakeFiles/3.8.1/CompilerIdC
    export LANG=en_US.US-ASCII
    export PATH="/Applications/Xcode.app/Contents/Developer/Platforms/iPhoneOS.platform/Developer/usr/bin:/Applications/Xcode.app/Contents/Developer/usr/bin:/opt/dev:/opt/dev/Cycript:/usr/local/ssl/bin:/usr/local/bin:/usr/bin:/bin:/usr/sbin:/sbin:/usr/local/go/bin:/Library/Frameworks/Mono.framework/Versions/Current/Commands:/Users/TuanNguyen/grails-2.3.7/bin:/Users/TuanNguyen/groovy/bin:/usr/local/sbin:/Users/TuanNguyen/oclint/bin"
    /Applications/Xcode.app/Contents/Developer/Toolchains/XcodeDefault.xctoolchain/usr/bin/clang -x c -arch arm64 -fmessage-length=0 -fdiagnostics-show-note-include-stack -fmacro-backtrace-limit=0 -Wno-trigraphs -fpascal-strings -Os -Wno-missing-field-initializers -Wno-missing-prototypes -Wno-return-type -Wno-missing-braces -Wparentheses -Wswitch -Wno-unused-function -Wno-unused-label -Wno-unused-parameter -Wno-unused-variable -Wunused-value -Wno-empty-body -Wno-uninitialized -Wno-unknown-pragmas -Wno-shadow -Wno-four-char-constants -Wno-conversion -Wno-constant-conversion -Wno-int-conversion -Wno-bool-conversion -Wno-enum-conversion -Wno-float-conversion -Wno-non-literal-null-conversion -Wno-objc-literal-conversion -Wshorten-64-to-32 -Wpointer-sign -Wno-newline-eof -isysroot /Applications/Xcode.app/Contents/Developer/Platforms/iPhoneOS.platform/Developer/SDKs/iPhoneOS11.0.sdk -fstrict-aliasing -Wdeprecated-declarations -miphoneos-version-min=11.0 -g -Wno-sign-conversion -Wno-infinite-recursion -Wno-comma -Wno-block-capture-autoreleasing -Wno-strict-prototypes -I/Users/TuanNguyen/Working/ShizzleStudio/Ripple/build2/CMakeFiles/3.8.1/CompilerIdC/CompilerIdC.build/Debug-iphoneos/CompilerIdC.build/CompilerIdC.hmap -I/Users/TuanNguyen/Working/ShizzleStudio/Ripple/build2/CMakeFiles/3.8.1/CompilerIdC/include -I/Users/TuanNguyen/Working/ShizzleStudio/Ripple/build2/CMakeFiles/3.8.1/CompilerIdC/CompilerIdC.build/Debug-iphoneos/CompilerIdC.build/DerivedSources/arm64 -I/Users/TuanNguyen/Working/ShizzleStudio/Ripple/build2/CMakeFiles/3.8.1/CompilerIdC/CompilerIdC.build/Debug-iphoneos/CompilerIdC.build/DerivedSources -F/Users/TuanNguyen/Working/ShizzleStudio/Ripple/build2/CMakeFiles/3.8.1/CompilerIdC -iframework /Applications/Xcode.app/Contents/Developer/Platforms/iPhoneOS.platform/Developer/Library/Frameworks -MMD -MT dependencies -MF /Users/TuanNguyen/Working/ShizzleStudio/Ripple/build2/CMakeFiles/3.8.1/CompilerIdC/CompilerIdC.build/Debug-iphoneos/CompilerIdC.build/Objects-normal/arm64/CMakeCCompilerId.d --serialize-diagnostics /Users/TuanNguyen/Working/ShizzleStudio/Ripple/build2/CMakeFiles/3.8.1/CompilerIdC/CompilerIdC.build/Debug-iphoneos/CompilerIdC.build/Objects-normal/arm64/CMakeCCompilerId.dia -c /Users/TuanNguyen/Working/ShizzleStudio/Ripple/build2/CMakeFiles/3.8.1/CompilerIdC/CMakeCCompilerId.c -o /Users/TuanNguyen/Working/ShizzleStudio/Ripple/build2/CMakeFiles/3.8.1/CompilerIdC/CompilerIdC.build/Debug-iphoneos/CompilerIdC.build/Objects-normal/arm64/CMakeCCompilerId.o

Ld CompilerIdC.xctest/CompilerIdC normal arm64
    cd /Users/TuanNguyen/Working/ShizzleStudio/Ripple/build2/CMakeFiles/3.8.1/CompilerIdC
    export IPHONEOS_DEPLOYMENT_TARGET=11.0
    export PATH="/Applications/Xcode.app/Contents/Developer/Platforms/iPhoneOS.platform/Developer/usr/bin:/Applications/Xcode.app/Contents/Developer/usr/bin:/opt/dev:/opt/dev/Cycript:/usr/local/ssl/bin:/usr/local/bin:/usr/bin:/bin:/usr/sbin:/sbin:/usr/local/go/bin:/Library/Frameworks/Mono.framework/Versions/Current/Commands:/Users/TuanNguyen/grails-2.3.7/bin:/Users/TuanNguyen/groovy/bin:/usr/local/sbin:/Users/TuanNguyen/oclint/bin"
    /Applications/Xcode.app/Contents/Developer/Toolchains/XcodeDefault.xctoolchain/usr/bin/clang -arch arm64 -bundle -isysroot /Applications/Xcode.app/Contents/Developer/Platforms/iPhoneOS.platform/Developer/SDKs/iPhoneOS11.0.sdk -L/Users/TuanNguyen/Working/ShizzleStudio/Ripple/build2/CMakeFiles/3.8.1/CompilerIdC -F/Users/TuanNguyen/Working/ShizzleStudio/Ripple/build2/CMakeFiles/3.8.1/CompilerIdC -F/Applications/Xcode.app/Contents/Developer/Platforms/iPhoneOS.platform/Developer/Library/Frameworks -filelist /Users/TuanNguyen/Working/ShizzleStudio/Ripple/build2/CMakeFiles/3.8.1/CompilerIdC/CompilerIdC.build/Debug-iphoneos/CompilerIdC.build/Objects-normal/arm64/CompilerIdC.LinkFileList -miphoneos-version-min=11.0 -dead_strip -Xlinker -object_path_lto -Xlinker /Users/TuanNguyen/Working/ShizzleStudio/Ripple/build2/CMakeFiles/3.8.1/CompilerIdC/CompilerIdC.build/Debug-iphoneos/CompilerIdC.build/Objects-normal/arm64/CompilerIdC_lto.o -framework XCTest -Xlinker -dependency_info -Xlinker /Users/TuanNguyen/Working/ShizzleStudio/Ripple/build2/CMakeFiles/3.8.1/CompilerIdC/CompilerIdC.build/Debug-iphoneos/CompilerIdC.build/Objects-normal/arm64/CompilerIdC_dependency_info.dat -o /Users/TuanNguyen/Working/ShizzleStudio/Ripple/build2/CMakeFiles/3.8.1/CompilerIdC/CompilerIdC.xctest/CompilerIdC

GenerateDSYMFile CompilerIdC.xctest.dSYM CompilerIdC.xctest/CompilerIdC
    cd /Users/TuanNguyen/Working/ShizzleStudio/Ripple/build2/CMakeFiles/3.8.1/CompilerIdC
    export PATH="/Applications/Xcode.app/Contents/Developer/Platforms/iPhoneOS.platform/Developer/usr/bin:/Applications/Xcode.app/Contents/Developer/usr/bin:/opt/dev:/opt/dev/Cycript:/usr/local/ssl/bin:/usr/local/bin:/usr/bin:/bin:/usr/sbin:/sbin:/usr/local/go/bin:/Library/Frameworks/Mono.framework/Versions/Current/Commands:/Users/TuanNguyen/grails-2.3.7/bin:/Users/TuanNguyen/groovy/bin:/usr/local/sbin:/Users/TuanNguyen/oclint/bin"
    /Applications/Xcode.app/Contents/Developer/Toolchains/XcodeDefault.xctoolchain/usr/bin/dsymutil /Users/TuanNguyen/Working/ShizzleStudio/Ripple/build2/CMakeFiles/3.8.1/CompilerIdC/CompilerIdC.xctest/CompilerIdC -o /Users/TuanNguyen/Working/ShizzleStudio/Ripple/build2/CMakeFiles/3.8.1/CompilerIdC/CompilerIdC.xctest.dSYM

PhaseScriptExecution Run\ Script CompilerIdC.build/Debug-iphoneos/CompilerIdC.build/Script-2C8FEB8E15DC1A1A00E56A5D.sh
    cd /Users/TuanNguyen/Working/ShizzleStudio/Ripple/build2/CMakeFiles/3.8.1/CompilerIdC
    /bin/sh -c /Users/TuanNguyen/Working/ShizzleStudio/Ripple/build2/CMakeFiles/3.8.1/CompilerIdC/CompilerIdC.build/Debug-iphoneos/CompilerIdC.build/Script-2C8FEB8E15DC1A1A00E56A5D.sh
GCC_VERSION=com.apple.compilers.llvm.clang.1_0

Touch CompilerIdC.xctest
    cd /Users/TuanNguyen/Working/ShizzleStudio/Ripple/build2/CMakeFiles/3.8.1/CompilerIdC
    export PATH="/Applications/Xcode.app/Contents/Developer/Platforms/iPhoneOS.platform/Developer/usr/bin:/Applications/Xcode.app/Contents/Developer/usr/bin:/opt/dev:/opt/dev/Cycript:/usr/local/ssl/bin:/usr/local/bin:/usr/bin:/bin:/usr/sbin:/sbin:/usr/local/go/bin:/Library/Frameworks/Mono.framework/Versions/Current/Commands:/Users/TuanNguyen/grails-2.3.7/bin:/Users/TuanNguyen/groovy/bin:/usr/local/sbin:/Users/TuanNguyen/oclint/bin"
    /usr/bin/touch -c /Users/TuanNguyen/Working/ShizzleStudio/Ripple/build2/CMakeFiles/3.8.1/CompilerIdC/CompilerIdC.xctest

** BUILD SUCCEEDED **



Compilation of the C compiler identification source "CMakeCCompilerId.c" produced "CompilerIdC.xctest/CompilerIdC"

The C compiler identification is AppleClang, found in "/Users/TuanNguyen/Working/ShizzleStudio/Ripple/build2/CMakeFiles/3.8.1/CompilerIdC/CompilerIdC.xctest/CompilerIdC"

Compiling the CXX compiler identification source file "CMakeCXXCompilerId.cpp" succeeded.
Compiler: /Applications/Xcode.app/Contents/Developer/Toolchains/XcodeDefault.xctoolchain/usr/bin/clang++ 
Build flags: -miphoneos-version-min=8.0;-fembed-bitcode;-fvisibility=hidden;-fvisibility-inlines-hidden;-fobjc-abi-version=2;-fobjc-arc;-miphoneos-version-min=8.0;-fembed-bitcode;-fvisibility=hidden;-fvisibility-inlines-hidden;-fobjc-abi-version=2;-fobjc-arc;
Id flags:  

The output was:
0
2017-10-06 09:55:28.786 xcodebuild[2554:109597] [MT] PluginLoading: Required plug-in compatibility UUID DF11C142-1584-4A99-87AC-1925D5F5652A for plug-in at path '~/Library/Application Support/Developer/Shared/Xcode/Plug-ins/VVDocumenter-Xcode.xcplugin' not present in DVTPlugInCompatibilityUUIDs
2017-10-06 09:55:28.787 xcodebuild[2554:109597] [MT] PluginLoading: Required plug-in compatibility UUID DF11C142-1584-4A99-87AC-1925D5F5652A for plug-in at path '~/Library/Application Support/Developer/Shared/Xcode/Plug-ins/Remote.xcplugin' not present in DVTPlugInCompatibilityUUIDs
2017-10-06 09:55:28.787 xcodebuild[2554:109597] [MT] PluginLoading: Required plug-in compatibility UUID DF11C142-1584-4A99-87AC-1925D5F5652A for plug-in at path '~/Library/Application Support/Developer/Shared/Xcode/Plug-ins/OMQuickHelp.xcplugin' not present in DVTPlugInCompatibilityUUIDs
2017-10-06 09:55:28.787 xcodebuild[2554:109597] [MT] PluginLoading: Required plug-in compatibility UUID DF11C142-1584-4A99-87AC-1925D5F5652A for plug-in at path '~/Library/Application Support/Developer/Shared/Xcode/Plug-ins/LigatureXcodePlugin.xcplugin' not present in DVTPlugInCompatibilityUUIDs
2017-10-06 09:55:28.788 xcodebuild[2554:109597] [MT] PluginLoading: Required plug-in compatibility UUID DF11C142-1584-4A99-87AC-1925D5F5652A for plug-in at path '~/Library/Application Support/Developer/Shared/Xcode/Plug-ins/Alcatraz.xcplugin' not present in DVTPlugInCompatibilityUUIDs
=== BUILD TARGET CompilerIdCXX OF PROJECT CompilerIdCXX WITH THE DEFAULT CONFIGURATION (Debug) ===

Check dependencies

Write auxiliary files
/bin/mkdir -p /Users/TuanNguyen/Working/ShizzleStudio/Ripple/build2/CMakeFiles/3.8.1/CompilerIdCXX/CompilerIdCXX.build/Debug-iphoneos/CompilerIdCXX.build/Objects-normal/arm64
write-file /Users/TuanNguyen/Working/ShizzleStudio/Ripple/build2/CMakeFiles/3.8.1/CompilerIdCXX/CompilerIdCXX.build/Debug-iphoneos/CompilerIdCXX.build/Objects-normal/arm64/CompilerIdCXX.LinkFileList
write-file /Users/TuanNguyen/Working/ShizzleStudio/Ripple/build2/CMakeFiles/3.8.1/CompilerIdCXX/CompilerIdCXX.build/Debug-iphoneos/CompilerIdCXX.build/Script-2C8FEB8E15DC1A1A00E56A5D.sh
chmod 0755 /Users/TuanNguyen/Working/ShizzleStudio/Ripple/build2/CMakeFiles/3.8.1/CompilerIdCXX/CompilerIdCXX.build/Debug-iphoneos/CompilerIdCXX.build/Script-2C8FEB8E15DC1A1A00E56A5D.sh
write-file /Users/TuanNguyen/Working/ShizzleStudio/Ripple/build2/CMakeFiles/3.8.1/CompilerIdCXX/CompilerIdCXX.build/Debug-iphoneos/CompilerIdCXX.build/CompilerIdCXX-project-headers.hmap
write-file /Users/TuanNguyen/Working/ShizzleStudio/Ripple/build2/CMakeFiles/3.8.1/CompilerIdCXX/CompilerIdCXX.build/Debug-iphoneos/CompilerIdCXX.build/CompilerIdCXX-all-target-headers.hmap
write-file /Users/TuanNguyen/Working/ShizzleStudio/Ripple/build2/CMakeFiles/3.8.1/CompilerIdCXX/CompilerIdCXX.build/Debug-iphoneos/CompilerIdCXX.build/CompilerIdCXX-all-non-framework-target-headers.hmap
write-file /Users/TuanNguyen/Working/ShizzleStudio/Ripple/build2/CMakeFiles/3.8.1/CompilerIdCXX/CompilerIdCXX.build/Debug-iphoneos/CompilerIdCXX.build/CompilerIdCXX.hmap
write-file /Users/TuanNguyen/Working/ShizzleStudio/Ripple/build2/CMakeFiles/3.8.1/CompilerIdCXX/CompilerIdCXX.build/Debug-iphoneos/CompilerIdCXX.build/CompilerIdCXX-generated-files.hmap
write-file /Users/TuanNguyen/Working/ShizzleStudio/Ripple/build2/CMakeFiles/3.8.1/CompilerIdCXX/CompilerIdCXX.build/Debug-iphoneos/CompilerIdCXX.build/CompilerIdCXX-own-target-headers.hmap

Create product structure
/bin/mkdir -p /Users/TuanNguyen/Working/ShizzleStudio/Ripple/build2/CMakeFiles/3.8.1/CompilerIdCXX/CompilerIdCXX.xctest

CompileC CompilerIdCXX.build/Debug-iphoneos/CompilerIdCXX.build/Objects-normal/arm64/CMakeCXXCompilerId.o CMakeCXXCompilerId.cpp normal arm64 c++ com.apple.compilers.llvm.clang.1_0.compiler
    cd /Users/TuanNguyen/Working/ShizzleStudio/Ripple/build2/CMakeFiles/3.8.1/CompilerIdCXX
    export LANG=en_US.US-ASCII
    export PATH="/Applications/Xcode.app/Contents/Developer/Platforms/iPhoneOS.platform/Developer/usr/bin:/Applications/Xcode.app/Contents/Developer/usr/bin:/opt/dev:/opt/dev/Cycript:/usr/local/ssl/bin:/usr/local/bin:/usr/bin:/bin:/usr/sbin:/sbin:/usr/local/go/bin:/Library/Frameworks/Mono.framework/Versions/Current/Commands:/Users/TuanNguyen/grails-2.3.7/bin:/Users/TuanNguyen/groovy/bin:/usr/local/sbin:/Users/TuanNguyen/oclint/bin"
    /Applications/Xcode.app/Contents/Developer/Toolchains/XcodeDefault.xctoolchain/usr/bin/clang -x c++ -arch arm64 -fmessage-length=0 -fdiagnostics-show-note-include-stack -fmacro-backtrace-limit=0 -Wno-trigraphs -fpascal-strings -Os -Wno-missing-field-initializers -Wno-missing-prototypes -Wno-return-type -Wno-non-virtual-dtor -Wno-overloaded-virtual -Wno-exit-time-destructors -Wno-missing-braces -Wparentheses -Wswitch -Wno-unused-function -Wno-unused-label -Wno-unused-parameter -Wno-unused-variable -Wunused-value -Wno-empty-body -Wno-uninitialized -Wno-unknown-pragmas -Wno-shadow -Wno-four-char-constants -Wno-conversion -Wno-constant-conversion -Wno-int-conversion -Wno-bool-conversion -Wno-enum-conversion -Wno-float-conversion -Wno-non-literal-null-conversion -Wno-objc-literal-conversion -Wshorten-64-to-32 -Wno-newline-eof -Wno-c++11-extensions -isysroot /Applications/Xcode.app/Contents/Developer/Platforms/iPhoneOS.platform/Developer/SDKs/iPhoneOS11.0.sdk -fstrict-aliasing -Wdeprecated-declarations -Winvalid-offsetof -miphoneos-version-min=11.0 -g -fvisibility-inlines-hidden -Wno-sign-conversion -Wno-infinite-recursion -Wno-move -Wno-comma -Wno-block-capture-autoreleasing -Wno-strict-prototypes -Wno-range-loop-analysis -I/Users/TuanNguyen/Working/ShizzleStudio/Ripple/build2/CMakeFiles/3.8.1/CompilerIdCXX/CompilerIdCXX.build/Debug-iphoneos/CompilerIdCXX.build/CompilerIdCXX.hmap -I/Users/TuanNguyen/Working/ShizzleStudio/Ripple/build2/CMakeFiles/3.8.1/CompilerIdCXX/include -I/Users/TuanNguyen/Working/ShizzleStudio/Ripple/build2/CMakeFiles/3.8.1/CompilerIdCXX/CompilerIdCXX.build/Debug-iphoneos/CompilerIdCXX.build/DerivedSources/arm64 -I/Users/TuanNguyen/Working/ShizzleStudio/Ripple/build2/CMakeFiles/3.8.1/CompilerIdCXX/CompilerIdCXX.build/Debug-iphoneos/CompilerIdCXX.build/DerivedSources -F/Users/TuanNguyen/Working/ShizzleStudio/Ripple/build2/CMakeFiles/3.8.1/CompilerIdCXX -iframework /Applications/Xcode.app/Contents/Developer/Platforms/iPhoneOS.platform/Developer/Library/Frameworks -MMD -MT dependencies -MF /Users/TuanNguyen/Working/ShizzleStudio/Ripple/build2/CMakeFiles/3.8.1/CompilerIdCXX/CompilerIdCXX.build/Debug-iphoneos/CompilerIdCXX.build/Objects-normal/arm64/CMakeCXXCompilerId.d --serialize-diagnostics /Users/TuanNguyen/Working/ShizzleStudio/Ripple/build2/CMakeFiles/3.8.1/CompilerIdCXX/CompilerIdCXX.build/Debug-iphoneos/CompilerIdCXX.build/Objects-normal/arm64/CMakeCXXCompilerId.dia -c /Users/TuanNguyen/Working/ShizzleStudio/Ripple/build2/CMakeFiles/3.8.1/CompilerIdCXX/CMakeCXXCompilerId.cpp -o /Users/TuanNguyen/Working/ShizzleStudio/Ripple/build2/CMakeFiles/3.8.1/CompilerIdCXX/CompilerIdCXX.build/Debug-iphoneos/CompilerIdCXX.build/Objects-normal/arm64/CMakeCXXCompilerId.o

Ld CompilerIdCXX.xctest/CompilerIdCXX normal arm64
    cd /Users/TuanNguyen/Working/ShizzleStudio/Ripple/build2/CMakeFiles/3.8.1/CompilerIdCXX
    export IPHONEOS_DEPLOYMENT_TARGET=11.0
    export PATH="/Applications/Xcode.app/Contents/Developer/Platforms/iPhoneOS.platform/Developer/usr/bin:/Applications/Xcode.app/Contents/Developer/usr/bin:/opt/dev:/opt/dev/Cycript:/usr/local/ssl/bin:/usr/local/bin:/usr/bin:/bin:/usr/sbin:/sbin:/usr/local/go/bin:/Library/Frameworks/Mono.framework/Versions/Current/Commands:/Users/TuanNguyen/grails-2.3.7/bin:/Users/TuanNguyen/groovy/bin:/usr/local/sbin:/Users/TuanNguyen/oclint/bin"
    /Applications/Xcode.app/Contents/Developer/Toolchains/XcodeDefault.xctoolchain/usr/bin/clang++ -arch arm64 -bundle -isysroot /Applications/Xcode.app/Contents/Developer/Platforms/iPhoneOS.platform/Developer/SDKs/iPhoneOS11.0.sdk -L/Users/TuanNguyen/Working/ShizzleStudio/Ripple/build2/CMakeFiles/3.8.1/CompilerIdCXX -F/Users/TuanNguyen/Working/ShizzleStudio/Ripple/build2/CMakeFiles/3.8.1/CompilerIdCXX -F/Applications/Xcode.app/Contents/Developer/Platforms/iPhoneOS.platform/Developer/Library/Frameworks -filelist /Users/TuanNguyen/Working/ShizzleStudio/Ripple/build2/CMakeFiles/3.8.1/CompilerIdCXX/CompilerIdCXX.build/Debug-iphoneos/CompilerIdCXX.build/Objects-normal/arm64/CompilerIdCXX.LinkFileList -miphoneos-version-min=11.0 -dead_strip -Xlinker -object_path_lto -Xlinker /Users/TuanNguyen/Working/ShizzleStudio/Ripple/build2/CMakeFiles/3.8.1/CompilerIdCXX/CompilerIdCXX.build/Debug-iphoneos/CompilerIdCXX.build/Objects-normal/arm64/CompilerIdCXX_lto.o -framework XCTest -Xlinker -dependency_info -Xlinker /Users/TuanNguyen/Working/ShizzleStudio/Ripple/build2/CMakeFiles/3.8.1/CompilerIdCXX/CompilerIdCXX.build/Debug-iphoneos/CompilerIdCXX.build/Objects-normal/arm64/CompilerIdCXX_dependency_info.dat -o /Users/TuanNguyen/Working/ShizzleStudio/Ripple/build2/CMakeFiles/3.8.1/CompilerIdCXX/CompilerIdCXX.xctest/CompilerIdCXX

GenerateDSYMFile CompilerIdCXX.xctest.dSYM CompilerIdCXX.xctest/CompilerIdCXX
    cd /Users/TuanNguyen/Working/ShizzleStudio/Ripple/build2/CMakeFiles/3.8.1/CompilerIdCXX
    export PATH="/Applications/Xcode.app/Contents/Developer/Platforms/iPhoneOS.platform/Developer/usr/bin:/Applications/Xcode.app/Contents/Developer/usr/bin:/opt/dev:/opt/dev/Cycript:/usr/local/ssl/bin:/usr/local/bin:/usr/bin:/bin:/usr/sbin:/sbin:/usr/local/go/bin:/Library/Frameworks/Mono.framework/Versions/Current/Commands:/Users/TuanNguyen/grails-2.3.7/bin:/Users/TuanNguyen/groovy/bin:/usr/local/sbin:/Users/TuanNguyen/oclint/bin"
    /Applications/Xcode.app/Contents/Developer/Toolchains/XcodeDefault.xctoolchain/usr/bin/dsymutil /Users/TuanNguyen/Working/ShizzleStudio/Ripple/build2/CMakeFiles/3.8.1/CompilerIdCXX/CompilerIdCXX.xctest/CompilerIdCXX -o /Users/TuanNguyen/Working/ShizzleStudio/Ripple/build2/CMakeFiles/3.8.1/CompilerIdCXX/CompilerIdCXX.xctest.dSYM

PhaseScriptExecution Run\ Script CompilerIdCXX.build/Debug-iphoneos/CompilerIdCXX.build/Script-2C8FEB8E15DC1A1A00E56A5D.sh
    cd /Users/TuanNguyen/Working/ShizzleStudio/Ripple/build2/CMakeFiles/3.8.1/CompilerIdCXX
    /bin/sh -c /Users/TuanNguyen/Working/ShizzleStudio/Ripple/build2/CMakeFiles/3.8.1/CompilerIdCXX/CompilerIdCXX.build/Debug-iphoneos/CompilerIdCXX.build/Script-2C8FEB8E15DC1A1A00E56A5D.sh
GCC_VERSION=com.apple.compilers.llvm.clang.1_0

Touch CompilerIdCXX.xctest
    cd /Users/TuanNguyen/Working/ShizzleStudio/Ripple/build2/CMakeFiles/3.8.1/CompilerIdCXX
    export PATH="/Applications/Xcode.app/Contents/Developer/Platforms/iPhoneOS.platform/Developer/usr/bin:/Applications/Xcode.app/Contents/Developer/usr/bin:/opt/dev:/opt/dev/Cycript:/usr/local/ssl/bin:/usr/local/bin:/usr/bin:/bin:/usr/sbin:/sbin:/usr/local/go/bin:/Library/Frameworks/Mono.framework/Versions/Current/Commands:/Users/TuanNguyen/grails-2.3.7/bin:/Users/TuanNguyen/groovy/bin:/usr/local/sbin:/Users/TuanNguyen/oclint/bin"
    /usr/bin/touch -c /Users/TuanNguyen/Working/ShizzleStudio/Ripple/build2/CMakeFiles/3.8.1/CompilerIdCXX/CompilerIdCXX.xctest

** BUILD SUCCEEDED **



Compilation of the CXX compiler identification source "CMakeCXXCompilerId.cpp" produced "CompilerIdCXX.xctest/CompilerIdCXX"

The CXX compiler identification is AppleClang, found in "/Users/TuanNguyen/Working/ShizzleStudio/Ripple/build2/CMakeFiles/3.8.1/CompilerIdCXX/CompilerIdCXX.xctest/CompilerIdCXX"

